------------------------------
Дата: 2025-04-17 16:28:24
Результат: УСПІХ
Коментатор ID: 1
Коментатор: blackhawk
IP: 127.0.0.1
User-Agent: Mozilla/5.0 (Windows NT 10.0; Win64; x64) AppleWebKit/537.36 (KHTML, like Gecko) Chrome/135.0.0.0 Safari/537.36
Зображення ID: 29
До: blackhawk1977@ukr.net
Тема: Новий коментар до вашого зображення
Заголовки: From: no-reply@noerrors.fun
Content-Type: text/plain; charset=UTF-8

Повідомлення:
Привіт, testuser!

Користувач "blackhawk" залишив новий коментар до вашого зображення.

Дата та час: 2025-04-17 16:28:24
Коментар:
"ЕУІ TEST!"

Переглянути зображення: http://noerrors.fun/index.php?page=image_info&id=29

З повагою,
Команда сайту
------------------------------
------------------------------
Дата: 2025-04-17 16:34:28
Результат: УСПІХ
Коментатор ID: 1
Коментатор: blackhawk
IP: 127.0.0.1
User-Agent: Mozilla/5.0 (Windows NT 10.0; Win64; x64) AppleWebKit/537.36 (KHTML, like Gecko) Chrome/135.0.0.0 Safari/537.36
Зображення ID: 29
До: blackhawk1977@ukr.net
Тема: Новий коментар до вашого зображення
Заголовки: From: no-reply@noerrors.fun
Content-Type: text/plain; charset=UTF-8

Повідомлення:
Привіт, testuser!

Користувач "blackhawk" залишив новий коментар до вашого зображення.

Дата та час: 2025-04-17 16:34:28
Коментар:
"TEST! TEST! TEST!"

Переглянути зображення: http://noerrors.fun/index.php?page=image_info&id=29

З повагою,
Команда сайту
------------------------------
------------------------------
Дата: 2025-04-19 15:27:40
Результат: УСПІХ
Коментатор ID: 1
Коментатор: blackhawk
IP: 127.0.0.1
User-Agent: Mozilla/5.0 (Windows NT 10.0; Win64; x64) AppleWebKit/537.36 (KHTML, like Gecko) Chrome/135.0.0.0 Safari/537.36
Зображення ID: 26
До: blackhawk1977@ukr.net
Тема: Новий коментар до вашого зображення
Заголовки: From: no-reply@noerrors.fun
Content-Type: text/plain; charset=UTF-8

Повідомлення:
Привіт, testuser!

Користувач "blackhawk" залишив новий коментар до вашого зображення.

Дата та час: 2025-04-19 15:27:40
Коментар:
"No fine"

Переглянути зображення: http://noerrors.fun/index.php?page=image_info&id=26

З повагою,
Команда сайту Фоторедактор
------------------------------
------------------------------
Дата: 2025-05-06 15:29:29
Результат: УСПІХ
Коментатор ID: 1
Коментатор: blackhawk
IP: 127.0.0.1
User-Agent: Mozilla/5.0 (Windows NT 10.0; Win64; x64) AppleWebKit/537.36 (KHTML, like Gecko) Chrome/135.0.0.0 Safari/537.36
Зображення ID: 15
До: blackhawk1977@ukr.net
Тема: Новий коментар до вашого зображення
Заголовки: From: no-reply@noerrors.fun
Content-Type: text/plain; charset=UTF-8

Повідомлення:
Привіт, testuser!

Користувач "blackhawk" залишив новий коментар до вашого зображення.

Дата та час: 2025-05-06 15:29:29
Коментар:
"test"

Переглянути зображення: http://noerrors.fun/index.php?page=image_info&id=15

З повагою,
Команда сайту Фоторедактор
------------------------------
------------------------------
Дата: 2025-05-06 15:29:40
Результат: УСПІХ
Коментатор ID: 1
Коментатор: blackhawk
IP: 127.0.0.1
User-Agent: Mozilla/5.0 (Windows NT 10.0; Win64; x64) AppleWebKit/537.36 (KHTML, like Gecko) Chrome/135.0.0.0 Safari/537.36
Зображення ID: 15
До: blackhawk1977@ukr.net
Тема: Новий коментар до вашого зображення
Заголовки: From: no-reply@noerrors.fun
Content-Type: text/plain; charset=UTF-8

Повідомлення:
Привіт, testuser!

Користувач "blackhawk" залишив новий коментар до вашого зображення.

Дата та час: 2025-05-06 15:29:40
Коментар:
"test"

Переглянути зображення: http://noerrors.fun/index.php?page=image_info&id=15

З повагою,
Команда сайту Фоторедактор
------------------------------
------------------------------
Дата: 2025-05-06 15:33:54
Результат: УСПІХ
Коментатор ID: 1
Коментатор: blackhawk
IP: 127.0.0.1
User-Agent: Mozilla/5.0 (Windows NT 10.0; Win64; x64) AppleWebKit/537.36 (KHTML, like Gecko) Chrome/135.0.0.0 Safari/537.36
Зображення ID: 15
До: blackhawk1977@ukr.net
Тема: Новий коментар до вашого зображення
Заголовки: From: no-reply@noerrors.fun
Content-Type: text/plain; charset=UTF-8

Повідомлення:
Привіт, testuser!

Користувач "blackhawk" залишив новий коментар до вашого зображення.

Дата та час: 2025-05-06 15:33:54
Коментар:
"test"

Переглянути зображення: http://noerrors.fun/index.php?page=image_info&id=15

З повагою,
Команда сайту Фоторедактор
------------------------------
------------------------------
Дата: 2025-05-06 15:40:01
Результат: УСПІХ
Коментатор ID: 2
Коментатор: testuser
IP: 127.0.0.1
User-Agent: Mozilla/5.0 (Windows NT 10.0; Win64; x64) AppleWebKit/537.36 (KHTML, like Gecko) Chrome/135.0.0.0 Safari/537.36
Зображення ID: 20
До: blackhawk@ua.fm
Тема: Новий коментар до вашого зображення
Заголовки: From: no-reply@noerrors.fun
Content-Type: text/plain; charset=UTF-8

Повідомлення:
Привіт, blackhawk!

Користувач "testuser" залишив новий коментар до вашого зображення.

Дата та час: 2025-05-06 15:40:01
Коментар:
"Excellent. Very fine"

Переглянути зображення: http://noerrors.fun/index.php?page=image_info&id=20

З повагою,
Команда сайту Фоторедактор
------------------------------
------------------------------
Дата: 2025-05-06 16:07:46
Результат: УСПІХ
Коментатор ID: 2
Коментатор: testuser
IP: 127.0.0.1
User-Agent: Mozilla/5.0 (Windows NT 10.0; Win64; x64) AppleWebKit/537.36 (KHTML, like Gecko) Chrome/135.0.0.0 Safari/537.36
Зображення ID: 20
До: blackhawk@ua.fm
Тема: Новий коментар до вашого зображення
Заголовки: From: no-reply@noerrors.fun
Content-Type: text/plain; charset=UTF-8

Повідомлення:
Привіт, blackhawk!

Користувач "testuser" залишив новий коментар до вашого зображення.

Дата та час: 2025-05-06 16:07:46
Коментар:
"test"

Переглянути зображення: http://noerrors.fun/index.php?page=image_info&id=20

З повагою,
Команда сайту Фоторедактор
------------------------------
------------------------------
Дата: 2025-05-06 16:23:20
Результат: УСПІХ
Коментатор ID: 2
Коментатор: testuser
IP: 127.0.0.1
User-Agent: Mozilla/5.0 (Windows NT 10.0; Win64; x64) AppleWebKit/537.36 (KHTML, like Gecko) Chrome/135.0.0.0 Safari/537.36
Зображення ID: 20
До: blackhawk@ua.fm
Тема: Новий коментар до вашого зображення
Заголовки: From: no-reply@noerrors.fun
Content-Type: text/plain; charset=UTF-8

Повідомлення:
Привіт, blackhawk!

Користувач "testuser" залишив новий коментар до вашого зображення.

Дата та час: 2025-05-06 16:23:20
Коментар:
"xvvvcbcn"

Переглянути зображення: http://noerrors.fun/index.php?page=image_info&id=20

З повагою,
Команда сайту Фоторедактор
------------------------------
------------------------------
Дата: 2025-05-06 16:24:28
Результат: УСПІХ
Коментатор ID: 1
Коментатор: blackhawk
IP: 127.0.0.1
User-Agent: Mozilla/5.0 (Windows NT 10.0; Win64; x64) AppleWebKit/537.36 (KHTML, like Gecko) Chrome/135.0.0.0 Safari/537.36
Зображення ID: 15
До: blackhawk1977@ukr.net
Тема: Новий коментар до вашого зображення
Заголовки: From: no-reply@noerrors.fun
Content-Type: text/plain; charset=UTF-8

Повідомлення:
Привіт, testuser!

Користувач "blackhawk" залишив новий коментар до вашого зображення.

Дата та час: 2025-05-06 16:24:28
Коментар:
"test send email"

Переглянути зображення: http://noerrors.fun/index.php?page=image_info&id=15

З повагою,
Команда сайту Фоторедактор
------------------------------
